{
  message: 'Movie validation failed: director: Path `director` is required., genre: Validator failed for path `genre` with value `xs`',
  level: 'error',
  service: 'user-service',
  timestamp: '2023-02-03T07:45:53.060Z'
}
{
  message: 'Movie validation failed: genre: Validator failed for path `genre` with value `xs`',
  level: 'error',
  service: 'user-service',
  timestamp: '2023-02-03T07:47:07.390Z'
}
{
  message: 'Movie validation failed: genre: Validator failed for path `genre` with value `xs`',
  level: 'error',
  service: 'user-service',
  timestamp: '2023-02-03T07:50:01.477Z'
}
{
  message: 'Movie validation failed: genre: Validator failed for path `genre` with value `sci-fioo`',
  level: 'error',
  service: 'user-service',
  timestamp: '2023-02-03T08:47:18.819Z'
}
{
  message: 'Movie validation failed: director: Path `director` is required.',
  level: 'error',
  service: 'user-service',
  timestamp: '2023-02-03T08:48:02.387Z'
}
{
  message: 'Movie validation failed: director: Path `director` is required.',
  level: 'error',
  service: 'user-service',
  timestamp: '2023-02-03T08:50:30.127Z'
}
{
  message: 'Movie validation failed: genre: Validator failed for path `genre` with value `sci-fio`',
  level: 'error',
  service: 'user-service',
  timestamp: '2023-02-04T16:41:21.255Z'
}
{
  message: 'Movie validation failed: director: Path `director` is required., genre: Validator failed for path `genre` with value `sci-fio`',
  level: 'error',
  service: 'user-service',
  timestamp: '2023-02-05T11:35:24.928Z'
}
{
  message: 'Movie validation failed: director: Path `director` is required., genre: Validator failed for path `genre` with value `sci-fio`',
  level: 'error',
  service: 'user-service',
  timestamp: '2023-02-05T11:40:59.349Z'
}
{
  message: 'Movie validation failed: director: Path `director` is required., genre: Validator failed for path `genre` with value `sci-fio`',
  level: 'error',
  service: 'user-service',
  timestamp: '2023-02-06T19:29:58.727Z'
}
{
  message: 'Movie validation failed: director: Path `director` is required., genre: Validator failed for path `genre` with value `sci-fio`',
  level: 'error',
  service: 'user-service',
  timestamp: '2023-02-06T19:35:39.030Z'
}
{
  message: 'Movie validation failed: director: Path `director` is required., genre: Validator failed for path `genre` with value `sci-fio`',
  level: 'error',
  service: 'user-service',
  timestamp: '2023-02-06T19:41:20.667Z'
}
{
  message: 'Movie validation failed: director: Path `director` is required., genre: Validator failed for path `genre` with value `sci-fio`',
  level: 'error',
  service: 'user-service',
  timestamp: '2023-02-06T19:41:45.025Z'
}
{
  message: 'Movie validation failed: director: Path `director` is required., genre: Validator failed for path `genre` with value `sci-fio`',
  level: 'error',
  service: 'user-service',
  timestamp: '2023-02-06T19:42:05.463Z'
}
{
  message: 'Movie validation failed: director: Path `director` is required., genre: Validator failed for path `genre` with value `sci-fio`',
  level: 'error',
  service: 'user-service',
  timestamp: '2023-02-06T19:54:29.941Z'
}
{
  message: 'Movie validation failed: director: Path `director` is required., genre: Validator failed for path `genre` with value `sci-fio`',
  level: 'error',
  service: 'user-service',
  timestamp: '2023-02-06T19:55:13.047Z'
}
{
  message: 'Movie validation failed: director: Path `director` is required., genre: Validator failed for path `genre` with value `sci-fio`',
  level: 'error',
  service: 'user-service',
  timestamp: '2023-02-06T19:55:28.592Z'
}
{
  message: 'Movie validation failed: director: Path `director` is required., genre: Validator failed for path `genre` with value `sci-fio`',
  level: 'error',
  service: 'user-service',
  timestamp: '2023-02-06T19:56:10.211Z'
}
{
  message: 'Movie validation failed: director: Path `director` is required., genre: Validator failed for path `genre` with value `sci-fio`',
  level: 'error',
  service: 'user-service',
  timestamp: '2023-02-06T21:16:24.296Z'
}
{
  message: 'Movie validation failed: director: Path `director` is required., genre: Validator failed for path `genre` with value `sci-fio`',
  level: 'error',
  service: 'user-service',
  timestamp: '2023-02-07T06:16:54.473Z'
}
{
  message: 'Movie validation failed: director: Path `director` is required., genre: Validator failed for path `genre` with value `sci-fio`',
  level: 'error',
  service: 'user-service',
  timestamp: '2023-02-07T06:19:48.669Z'
}
{
  message: 'Movie validation failed: director: Path `director` is required., genre: Validator failed for path `genre` with value `sci-fio`',
  level: 'error',
  service: 'user-service',
  timestamp: '2023-02-07T06:20:04.081Z'
}
