{
  message: 'GET /api/movies/500',
  level: 'info',
  service: 'user-service',
  timestamp: '2023-02-02T14:07:45.050Z'
}
{
  message: 'GET /api/movies/latest',
  level: 'info',
  service: 'user-service',
  timestamp: '2023-02-02T14:18:50.188Z'
}
{
  message: 'POST /api/movies/add',
  level: 'info',
  service: 'user-service',
  timestamp: '2023-02-02T15:16:09.052Z'
}
{
  message: 'Movie added successfully: {"_id":"63dbd3b9152690d19b4f426e","__v":0}',
  level: 'debug',
  service: 'user-service',
  timestamp: '2023-02-02T15:16:09.285Z'
}
{
  message: 'POST /api/movies/add',
  level: 'info',
  service: 'user-service',
  timestamp: '2023-02-02T15:40:44.055Z'
}
{
  message: 'POST /api/movies/add',
  level: 'info',
  service: 'user-service',
  timestamp: '2023-02-02T15:43:39.948Z'
}
{
  message: 'POST /api/movies/add',
  level: 'info',
  service: 'user-service',
  timestamp: '2023-02-02T15:46:10.309Z'
}
{
  message: 'POST /api/movies/add',
  level: 'info',
  service: 'user-service',
  timestamp: '2023-02-02T15:48:22.906Z'
}
{
  message: 'POST /api/movies/add',
  level: 'info',
  service: 'user-service',
  timestamp: '2023-02-02T16:04:44.387Z'
}
{
  message: 'POST /api/movies/add',
  level: 'info',
  service: 'user-service',
  timestamp: '2023-02-02T16:06:38.393Z'
}
{
  message: 'POST /api/movies/add',
  level: 'info',
  service: 'user-service',
  timestamp: '2023-02-02T16:11:31.773Z'
}
{
  message: 'GET /api/movies/latest',
  level: 'info',
  service: 'user-service',
  timestamp: '2023-02-02T16:12:44.606Z'
}
{
  message: 'GET /api/movies/500',
  level: 'info',
  service: 'user-service',
  timestamp: '2023-02-02T16:15:16.441Z'
}
{
  message: 'GET /api/movies/500',
  level: 'info',
  service: 'user-service',
  timestamp: '2023-02-02T16:16:35.847Z'
}
{
  message: 'POST /api/movies/add',
  level: 'info',
  service: 'user-service',
  timestamp: '2023-02-02T16:20:35.997Z'
}
{
  message: 'POST /api/movies/add',
  level: 'info',
  service: 'user-service',
  timestamp: '2023-02-02T16:23:56.046Z'
}
{
  message: 'Movie added successfully: {"_id":"63dbe39cac8dadd25736672a","__v":0}',
  level: 'debug',
  service: 'user-service',
  timestamp: '2023-02-02T16:23:56.282Z'
}
{
  message: 'POST /api/movies/add',
  level: 'info',
  service: 'user-service',
  timestamp: '2023-02-02T16:24:45.198Z'
}
{
  message: 'Movie added successfully: {"_id":"63dbe3cdb60ad5c1b4ce0d23","__v":0}',
  level: 'debug',
  service: 'user-service',
  timestamp: '2023-02-02T16:24:45.545Z'
}
{
  message: 'GET /api/movies/latest',
  level: 'info',
  service: 'user-service',
  timestamp: '2023-02-02T16:25:17.629Z'
}
{
  message: 'GET /api/movies/latest',
  level: 'info',
  service: 'user-service',
  timestamp: '2023-02-02T16:25:37.047Z'
}
{
  message: 'POST /api/movies/add',
  level: 'info',
  service: 'user-service',
  timestamp: '2023-02-02T16:25:50.979Z'
}
{
  message: 'POST /api/movies/add',
  level: 'info',
  service: 'user-service',
  timestamp: '2023-02-02T16:26:07.604Z'
}
{
  message: 'Movie added successfully: {"_id":"63dbe41fb60ad5c1b4ce0d27","__v":0}',
  level: 'debug',
  service: 'user-service',
  timestamp: '2023-02-02T16:26:07.793Z'
}
{
  message: 'GET /api/movies/latest',
  level: 'info',
  service: 'user-service',
  timestamp: '2023-02-02T16:26:57.861Z'
}
{
  message: 'POST /api/movies/add',
  level: 'info',
  service: 'user-service',
  timestamp: '2023-02-02T16:28:30.498Z'
}
{
  message: 'Movie added successfully: {"_id":"63dbe4ae6507b2fa3190bcc9","__v":0}',
  level: 'debug',
  service: 'user-service',
  timestamp: '2023-02-02T16:28:30.863Z'
}
{
  message: 'GET /api/movies/latest',
  level: 'info',
  service: 'user-service',
  timestamp: '2023-02-02T16:28:41.461Z'
}
{
  message: 'POST /api/movies/add',
  level: 'info',
  service: 'user-service',
  timestamp: '2023-02-02T16:31:50.331Z'
}
{
  message: 'Error adding movie: Movie.insert is not a function',
  level: 'error',
  service: 'user-service',
  timestamp: '2023-02-02T16:31:50.423Z'
}
{
  message: 'POST /api/movies/add',
  level: 'info',
  service: 'user-service',
  timestamp: '2023-02-02T16:32:18.182Z'
}
{
  message: 'Error adding movie: movie.save is not a function',
  level: 'error',
  service: 'user-service',
  timestamp: '2023-02-02T16:32:18.253Z'
}
{
  message: 'POST /api/movies/add',
  level: 'info',
  service: 'user-service',
  timestamp: '2023-02-02T16:33:04.944Z'
}
{
  message: 'Error adding movie: Movie.save is not a function',
  level: 'error',
  service: 'user-service',
  timestamp: '2023-02-02T16:33:05.070Z'
}
{
  message: 'POST /api/movies/add',
  level: 'info',
  service: 'user-service',
  timestamp: '2023-02-02T16:33:48.382Z'
}
{
  message: 'Movie added successfully: {"_id":"63dbe5ec67bd1da9c94ab199","__v":0}',
  level: 'debug',
  service: 'user-service',
  timestamp: '2023-02-02T16:33:48.815Z'
}
{
  message: 'GET /api/movies/latest',
  level: 'info',
  service: 'user-service',
  timestamp: '2023-02-02T16:38:51.220Z'
}
{
  message: 'POST /api/movies/add',
  level: 'info',
  service: 'user-service',
  timestamp: '2023-02-02T16:53:33.444Z'
}
{
  message: 'Movie added successfully: {"_id":"63dbea8d745fea165403af94","__v":0}',
  level: 'debug',
  service: 'user-service',
  timestamp: '2023-02-02T16:53:33.797Z'
}
{
  message: 'POST /api/movies/add',
  level: 'info',
  service: 'user-service',
  timestamp: '2023-02-02T16:59:06.468Z'
}
{
  message: 'Movie added successfully: {"_id":"63dbebda01a2fd5faf956436","__v":0}',
  level: 'debug',
  service: 'user-service',
  timestamp: '2023-02-02T16:59:06.879Z'
}
{
  message: 'POST /api/movies/add',
  level: 'info',
  service: 'user-service',
  timestamp: '2023-02-02T17:04:35.948Z'
}
{
  message: 'POST /api/movies/add',
  level: 'info',
  service: 'user-service',
  timestamp: '2023-02-02T17:04:55.640Z'
}
{
  message: 'Movie added successfully: {"_id":"63dbed37fdb351cea983d590","__v":0}',
  level: 'debug',
  service: 'user-service',
  timestamp: '2023-02-02T17:04:55.965Z'
}
{
  message: 'GET /api/movies/latest',
  level: 'info',
  service: 'user-service',
  timestamp: '2023-02-02T17:05:39.525Z'
}
{
  message: 'POST /api/movies/add',
  level: 'info',
  service: 'user-service',
  timestamp: '2023-02-02T17:06:22.426Z'
}
{
  message: 'Movie added successfully: {"_id":"63dbed8edc6d9053afe18b3c","__v":0}',
  level: 'debug',
  service: 'user-service',
  timestamp: '2023-02-02T17:06:22.721Z'
}
{
  message: 'POST /api/movies/add',
  level: 'info',
  service: 'user-service',
  timestamp: '2023-02-02T17:06:58.846Z'
}
{
  message: 'Movie added successfully: {"_id":"63dbedb24aead8d52e2abac0","__v":0}',
  level: 'debug',
  service: 'user-service',
  timestamp: '2023-02-02T17:06:59.206Z'
}
{
  message: 'POST /api/movies/add',
  level: 'info',
  service: 'user-service',
  timestamp: '2023-02-02T17:07:48.768Z'
}
{
  message: 'Movie added successfully: {"_id":"63dbede450c070a76df79ff5","__v":0}',
  level: 'debug',
  service: 'user-service',
  timestamp: '2023-02-02T17:07:49.128Z'
}
{
  message: 'POST /api/movies/add',
  level: 'info',
  service: 'user-service',
  timestamp: '2023-02-02T17:09:14.068Z'
}
{
  message: 'Movie added successfully: {"_id":"63dbee3ae597a5fcbff0b6aa","__v":0}',
  level: 'debug',
  service: 'user-service',
  timestamp: '2023-02-02T17:09:14.380Z'
}
{
  message: 'POST /api/movies/add',
  level: 'info',
  service: 'user-service',
  timestamp: '2023-02-02T17:22:15.741Z'
}
{
  message: 'Movie added successfully: {"_id":"63dbf147535f88f2f8090ce9","__v":0}',
  level: 'debug',
  service: 'user-service',
  timestamp: '2023-02-02T17:22:16.225Z'
}
{
  message: 'POST /api/movies/add',
  level: 'info',
  service: 'user-service',
  timestamp: '2023-02-02T17:27:29.656Z'
}
{
  message: 'Movie added successfully: {"_id":"63dbf281d152086813178f86","__v":0}',
  level: 'debug',
  service: 'user-service',
  timestamp: '2023-02-02T17:27:30.051Z'
}
{
  message: 'POST /api/movies/add',
  level: 'info',
  service: 'user-service',
  timestamp: '2023-02-02T17:32:04.330Z'
}
{
  message: 'Movie added successfully: {"_id":"63dbf3946df3d6a58c54a10b","__v":0}',
  level: 'debug',
  service: 'user-service',
  timestamp: '2023-02-02T17:32:04.615Z'
}
{
  message: 'POST /api/movies/add',
  level: 'info',
  service: 'user-service',
  timestamp: '2023-02-02T17:47:45.484Z'
}
{
  message: 'Movie added successfully: {"title":"the noor3","releaseDate":"2023-03-31T00:00:00.000Z","genre":"action","director":"alaa","_id":"63dbf741af9c510367c4bcd4","__v":0}',
  level: 'debug',
  service: 'user-service',
  timestamp: '2023-02-02T17:47:45.880Z'
}
{
  message: 'POST /api/movies/add',
  level: 'info',
  service: 'user-service',
  timestamp: '2023-02-02T17:55:50.968Z'
}
{
  message: 'Movie added successfully: {"_id":"63dbf9274b402da05de8c128","__v":0}',
  level: 'debug',
  service: 'user-service',
  timestamp: '2023-02-02T17:55:51.271Z'
}
{
  message: 'POST /api/movies/add',
  level: 'info',
  service: 'user-service',
  timestamp: '2023-02-02T17:58:12.438Z'
}
{
  message: 'Movie added successfully: {"_id":"63dbf9b46af56ed3d12bd73c","__v":0}',
  level: 'debug',
  service: 'user-service',
  timestamp: '2023-02-02T17:58:12.850Z'
}
{
  message: 'POST /api/movies/add',
  level: 'info',
  service: 'user-service',
  timestamp: '2023-02-02T18:00:53.413Z'
}
{
  message: 'Error adding movie: Movie validation failed: genre: Validator failed for path `genre` with value `ammar`',
  level: 'error',
  service: 'user-service',
  timestamp: '2023-02-02T18:00:53.616Z'
}
{
  message: 'POST /api/movies/add',
  level: 'info',
  service: 'user-service',
  timestamp: '2023-02-02T18:01:15.050Z'
}
{
  message: 'Movie added successfully: {"title":"the noor test","releaseDate":"2023-03-31T00:00:00.000Z","genre":"action","director":"alaa","_id":"63dbfa6ba82b50983af5e52c","__v":0}',
  level: 'debug',
  service: 'user-service',
  timestamp: '2023-02-02T18:01:15.298Z'
}
{
  message: 'POST /api/movies/add',
  level: 'info',
  service: 'user-service',
  timestamp: '2023-02-03T07:19:40.654Z'
}
{
  message: 'Movie added successfully: {"title":"dum and dumber","releaseDate":"2023-05-31T00:00:00.000Z","genre":"comedy","director":"someone","_id":"63dcb58c8312aea6a28bcc4e","__v":0}',
  level: 'debug',
  service: 'user-service',
  timestamp: '2023-02-03T07:19:41.020Z'
}
{
  message: 'POST /api/movies/add',
  level: 'info',
  service: 'user-service',
  timestamp: '2023-02-03T07:21:23.675Z'
}
{
  message: 'Movie added successfully: {"title":"dumb and dumber","releaseDate":"2023-05-31T00:00:00.000Z","genre":"comedy","director":"346","_id":"63dcb5f38312aea6a28bcc50","__v":0}',
  level: 'debug',
  service: 'user-service',
  timestamp: '2023-02-03T07:21:23.872Z'
}
{
  message: 'POST /api/movies/add',
  level: 'info',
  service: 'user-service',
  timestamp: '2023-02-03T07:21:51.916Z'
}
{
  message: 'Error adding movie: Movie validation failed: director: Path `director` is required.',
  level: 'error',
  service: 'user-service',
  timestamp: '2023-02-03T07:21:51.978Z'
}
{
  message: 'POST /api/movies/add',
  level: 'info',
  service: 'user-service',
  timestamp: '2023-02-03T07:24:39.997Z'
}
{
  message: 'Error adding movie: "Movie validation failed: director: Path `director` is required."',
  level: 'error',
  service: 'user-service',
  timestamp: '2023-02-03T07:24:40.127Z'
}
{
  message: 'POST /api/movies/add',
  level: 'info',
  service: 'user-service',
  timestamp: '2023-02-03T07:26:24.925Z'
}
{
  message: '"Error adding movie: Movie validation failed: director: Path `director` is required."',
  level: 'error',
  service: 'user-service',
  timestamp: '2023-02-03T07:26:25.094Z'
}
{
  message: 'POST /api/movies/add',
  level: 'info',
  service: 'user-service',
  timestamp: '2023-02-03T07:27:13.064Z'
}
{
  message: '"Movie validation failed: director: Path `director` is required."',
  level: 'error',
  service: 'user-service',
  timestamp: '2023-02-03T07:27:13.214Z'
}
{
  message: 'POST /api/movies/add',
  level: 'info',
  service: 'user-service',
  timestamp: '2023-02-03T07:29:06.689Z'
}
{
  message: '"Movie validation failed: director: Path `director` is required."',
  level: 'error',
  service: 'user-service',
  timestamp: '2023-02-03T07:29:06.846Z'
}
{
  message: 'POST /api/movies/add',
  level: 'info',
  service: 'user-service',
  timestamp: '2023-02-03T07:30:13.146Z'
}
{
  message: 'Movie added successfully: {"errors":{"director":{"name":"ValidatorError","message":"Path `director` is required.","properties":{"message":"Path `director` is required.","type":"required","path":"director","value":""},"kind":"required","path":"director","value":""}},"_message":"Movie validation failed","name":"ValidationError","message":"Movie validation failed: director: Path `director` is required."}',
  level: 'error',
  service: 'user-service',
  timestamp: '2023-02-03T07:30:13.273Z'
}
{
  message: 'POST /api/movies/add',
  level: 'info',
  service: 'user-service',
  timestamp: '2023-02-03T07:36:53.029Z'
}
{
  message: '"Movie validation failed: director: Path `director` is required."',
  level: 'error',
  service: 'user-service',
  timestamp: '2023-02-03T07:36:53.150Z'
}
{
  message: 'POST /api/movies/add',
  level: 'info',
  service: 'user-service',
  timestamp: '2023-02-03T07:38:02.724Z'
}
{
  message: '"Movie validation failed: director: Path `director` is required."',
  level: 'error',
  service: 'user-service',
  timestamp: '2023-02-03T07:38:02.832Z'
}
{
  message: 'POST /api/movies/add',
  level: 'info',
  service: 'user-service',
  timestamp: '2023-02-03T07:39:32.286Z'
}
{
  message: 'Movie validation failed: director: Path `director` is required.',
  level: 'error',
  service: 'user-service',
  timestamp: '2023-02-03T07:39:32.485Z'
}
{
  message: 'POST /api/movies/add',
  level: 'info',
  service: 'user-service',
  timestamp: '2023-02-03T07:41:33.955Z'
}
{
  message: 'Movie added successfully: {"title":"dum and dumber","releaseDate":"2023-05-31T00:00:00.000Z","genre":"comedy","director":"someone","_id":"63dcbaaec5a9030185ee3da5","__v":0}',
  level: 'debug',
  service: 'user-service',
  timestamp: '2023-02-03T07:41:34.305Z'
}
{
  message: 'POST /api/movies/add',
  level: 'info',
  service: 'user-service',
  timestamp: '2023-02-03T07:41:41.154Z'
}
{
  message: 'Movie validation failed: genre: Validator failed for path `genre` with value `xs`',
  level: 'error',
  service: 'user-service',
  timestamp: '2023-02-03T07:41:41.249Z'
}
{
  message: 'POST /api/movies/add',
  level: 'info',
  service: 'user-service',
  timestamp: '2023-02-03T07:42:43.605Z'
}
{
  message: 'Movie validation failed: genre: Validator failed for path `genre` with value `xs`',
  level: 'error',
  service: 'user-service',
  timestamp: '2023-02-03T07:42:43.862Z'
}
{
  message: 'POST /api/movies/add',
  level: 'info',
  service: 'user-service',
  timestamp: '2023-02-03T07:43:12.288Z'
}
{
  message: 'Movie validation failed: genre: Validator failed for path `genre` with value `xs`',
  level: 'error',
  service: 'user-service',
  timestamp: '2023-02-03T07:43:12.464Z'
}
{
  message: 'POST /api/movies/add',
  level: 'info',
  service: 'user-service',
  timestamp: '2023-02-03T07:44:11.035Z'
}
{
  message: 'Movie validation failed: director: Path `director` is required., genre: Validator failed for path `genre` with value `xs`',
  level: 'error',
  service: 'user-service',
  timestamp: '2023-02-03T07:44:11.194Z'
}
{
  message: 'POST /api/movies/add',
  level: 'info',
  service: 'user-service',
  timestamp: '2023-02-03T07:45:52.919Z'
}
{
  message: 'Movie validation failed: director: Path `director` is required., genre: Validator failed for path `genre` with value `xs`',
  level: 'error',
  service: 'user-service',
  timestamp: '2023-02-03T07:45:53.060Z'
}
{
  message: 'POST /api/movies/add',
  level: 'info',
  service: 'user-service',
  timestamp: '2023-02-03T07:47:07.343Z'
}
{
  message: 'Movie validation failed: genre: Validator failed for path `genre` with value `xs`',
  level: 'error',
  service: 'user-service',
  timestamp: '2023-02-03T07:47:07.390Z'
}
{
  message: 'POST /api/movies/add',
  level: 'info',
  service: 'user-service',
  timestamp: '2023-02-03T07:50:01.432Z'
}
{
  message: 'Movie validation failed: genre: Validator failed for path `genre` with value `xs`',
  level: 'error',
  service: 'user-service',
  timestamp: '2023-02-03T07:50:01.477Z'
}
{
  message: 'POST /api/movies/add',
  level: 'info',
  service: 'user-service',
  timestamp: '2023-02-03T08:47:18.782Z'
}
{
  message: 'Movie added successfully: {"title":"The Matrix3","releaseDate":"1993-03-31","genre":"sci-fioo","director":"The Wachowski Brothers 2"}',
  level: 'debug',
  service: 'user-service',
  timestamp: '2023-02-03T08:47:18.794Z'
}
{
  message: 'Movie validation failed: genre: Validator failed for path `genre` with value `sci-fioo`',
  level: 'error',
  service: 'user-service',
  timestamp: '2023-02-03T08:47:18.819Z'
}
{
  message: 'POST /api/movies/add',
  level: 'info',
  service: 'user-service',
  timestamp: '2023-02-03T08:48:02.377Z'
}
{
  message: 'Movie added successfully: {"title":"The Matrix3","releaseDate":"1993-03-31","genre":"sci-fi","director":""}',
  level: 'debug',
  service: 'user-service',
  timestamp: '2023-02-03T08:48:02.382Z'
}
{
  message: 'Movie validation failed: director: Path `director` is required.',
  level: 'error',
  service: 'user-service',
  timestamp: '2023-02-03T08:48:02.387Z'
}
{
  message: 'POST /api/movies/add',
  level: 'info',
  service: 'user-service',
  timestamp: '2023-02-03T08:48:30.032Z'
}
{
  message: 'Movie added successfully: {"title":"The Matrix3","releaseDate":"1993-03-31","genre":"sci-fi","director":"The Wachowski Brothers 3"}',
  level: 'debug',
  service: 'user-service',
  timestamp: '2023-02-03T08:48:30.034Z'
}
{
  message: 'POST /api/movies/add',
  level: 'info',
  service: 'user-service',
  timestamp: '2023-02-03T08:50:30.088Z'
}
{
  message: 'Movie added successfully: {"title":"The Matrix3","releaseDate":"1993-03-31","genre":"sci-fi","director":""}',
  level: 'debug',
  service: 'user-service',
  timestamp: '2023-02-03T08:50:30.100Z'
}
{
  message: 'Movie validation failed: director: Path `director` is required.',
  level: 'error',
  service: 'user-service',
  timestamp: '2023-02-03T08:50:30.127Z'
}
{
  message: 'Movie added successfully: {"title":"The Matrix3","releaseDate":"1993-03-31","genre":"sci-fio","director":"reut"}',
  level: 'debug',
  service: 'user-service',
  timestamp: '2023-02-04T16:41:21.215Z'
}
{
  message: 'Movie validation failed: genre: Validator failed for path `genre` with value `sci-fio`',
  level: 'error',
  service: 'user-service',
  timestamp: '2023-02-04T16:41:21.255Z'
}
{
  message: 'Movie added successfully: {}',
  level: 'debug',
  service: 'user-service',
  timestamp: '2023-02-05T11:35:16.677Z'
}
{
  message: 'Movie added successfully: {"title":"The Matrix3","releaseDate":"1993-03-31","genre":"sci-fio","director":""}',
  level: 'debug',
  service: 'user-service',
  timestamp: '2023-02-05T11:35:24.906Z'
}
{
  message: 'Movie validation failed: director: Path `director` is required., genre: Validator failed for path `genre` with value `sci-fio`',
  level: 'error',
  service: 'user-service',
  timestamp: '2023-02-05T11:35:24.928Z'
}
{
  message: 'Movie validation failed: director: Path `director` is required., genre: Validator failed for path `genre` with value `sci-fio`',
  level: 'error',
  service: 'user-service',
  timestamp: '2023-02-05T11:40:59.349Z'
}
{
  message: 'Movie validation failed: director: Path `director` is required., genre: Validator failed for path `genre` with value `sci-fio`',
  level: 'error',
  service: 'user-service',
  timestamp: '2023-02-06T19:29:58.727Z'
}
{
  message: 'Movie validation failed: director: Path `director` is required., genre: Validator failed for path `genre` with value `sci-fio`',
  level: 'error',
  service: 'user-service',
  timestamp: '2023-02-06T19:35:39.030Z'
}
{
  message: 'Movie validation failed: director: Path `director` is required., genre: Validator failed for path `genre` with value `sci-fio`',
  level: 'error',
  service: 'user-service',
  timestamp: '2023-02-06T19:41:20.667Z'
}
{
  message: 'Movie validation failed: director: Path `director` is required., genre: Validator failed for path `genre` with value `sci-fio`',
  level: 'error',
  service: 'user-service',
  timestamp: '2023-02-06T19:41:45.025Z'
}
{
  message: 'Movie validation failed: director: Path `director` is required., genre: Validator failed for path `genre` with value `sci-fio`',
  level: 'error',
  service: 'user-service',
  timestamp: '2023-02-06T19:42:05.463Z'
}
{
  message: 'Movie validation failed: director: Path `director` is required., genre: Validator failed for path `genre` with value `sci-fio`',
  level: 'error',
  service: 'user-service',
  timestamp: '2023-02-06T19:54:29.941Z'
}
{
  message: 'Movie validation failed: director: Path `director` is required., genre: Validator failed for path `genre` with value `sci-fio`',
  level: 'error',
  service: 'user-service',
  timestamp: '2023-02-06T19:55:13.047Z'
}
{
  message: 'Movie validation failed: director: Path `director` is required., genre: Validator failed for path `genre` with value `sci-fio`',
  level: 'error',
  service: 'user-service',
  timestamp: '2023-02-06T19:55:28.592Z'
}
{
  message: 'Movie validation failed: director: Path `director` is required., genre: Validator failed for path `genre` with value `sci-fio`',
  level: 'error',
  service: 'user-service',
  timestamp: '2023-02-06T19:56:10.211Z'
}
{
  message: 'Movie validation failed: director: Path `director` is required., genre: Validator failed for path `genre` with value `sci-fio`',
  level: 'error',
  service: 'user-service',
  timestamp: '2023-02-06T21:16:24.296Z'
}
{
  message: 'Movie validation failed: director: Path `director` is required., genre: Validator failed for path `genre` with value `sci-fio`',
  level: 'error',
  service: 'user-service',
  timestamp: '2023-02-07T06:16:54.473Z'
}
{
  message: 'Movie validation failed: director: Path `director` is required., genre: Validator failed for path `genre` with value `sci-fio`',
  level: 'error',
  service: 'user-service',
  timestamp: '2023-02-07T06:19:48.669Z'
}
{
  message: 'Movie validation failed: director: Path `director` is required., genre: Validator failed for path `genre` with value `sci-fio`',
  level: 'error',
  service: 'user-service',
  timestamp: '2023-02-07T06:20:04.081Z'
}
